Arguments:
  /opt/homebrew/Cellar/node/19.2.0/bin/node /opt/homebrew/Cellar/yarn/1.22.19/libexec/bin/yarn.js add vscode-onigurama

PATH:
  /opt/homebrew/opt/go@1.18/bin:/Users/alexanderwang/.cargo/bin:/usr/local/opt/curl/bin:/Users/alexanderwang/.gem/ruby/3.0.0/bin:/opt/homebrew/opt/ruby/bin:/opt/homebrew/opt/go@1.18/bin:/Users/alexanderwang/.cargo/bin:/usr/local/opt/curl/bin:/Users/alexanderwang/.gem/ruby/3.0.0/bin:/opt/homebrew/opt/ruby/bin:/opt/homebrew/bin:/opt/homebrew/sbin:/usr/local/bin:/usr/bin:/bin:/usr/sbin:/sbin:/Users/alexanderwang/.emacs.d/bin:/Users/alexanderwang/.npm-global/bin:/Applications/Sublime Text.app/Contents/SharedSupport/bin/:/opt/homebrew/opt/fzf/bin:/Users/alexanderwang/go/bin:/opt/homebrew/opt/go/libexec/bin:/Users/alexanderwang/.emacs.d/bin:/Users/alexanderwang/.npm-global/bin:/Applications/Sublime Text.app/Contents/SharedSupport/bin/:/Users/alexanderwang/go/bin:/opt/homebrew/opt/go/libexec/bin

Yarn version:
  1.22.19

Node version:
  19.2.0

Platform:
  darwin arm64

Trace:
  Error: https://registry.yarnpkg.com/vscode-onigurama: Not found
      at params.callback [as _callback] (/opt/homebrew/Cellar/yarn/1.22.19/libexec/lib/cli.js:66145:18)
      at self.callback (/opt/homebrew/Cellar/yarn/1.22.19/libexec/lib/cli.js:140890:22)
      at Request.emit (node:events:513:28)
      at Request.<anonymous> (/opt/homebrew/Cellar/yarn/1.22.19/libexec/lib/cli.js:141862:10)
      at Request.emit (node:events:513:28)
      at IncomingMessage.<anonymous> (/opt/homebrew/Cellar/yarn/1.22.19/libexec/lib/cli.js:141784:12)
      at Object.onceWrapper (node:events:627:28)
      at IncomingMessage.emit (node:events:525:35)
      at endReadableNT (node:internal/streams/readable:1359:12)
      at process.processTicksAndRejections (node:internal/process/task_queues:82:21)

npm manifest:
  {
    "name": "d2-playground",
    "version": "1.0.0",
    "description": "todo",
    "repository": "todo",
    "author": "Terrastruct, Inc.",
    "license": "MPL 2.0"
  }

yarn manifest:
  No manifest

Lockfile:
  # THIS IS AN AUTOGENERATED FILE. DO NOT EDIT THIS FILE DIRECTLY.
  # yarn lockfile v1
